# JRE version: Java(TM) SE Runtime Environment (7.0_72-b14) (build 1.7.0_72-b14)
# Java VM: Java HotSpot(TM) Client VM (24.72-b04 mixed mode windows-x86 )
Heap
 def new generation   total 4928K, used 698K [0x06e00000, 0x07350000, 0x0c350000)
  eden space 4416K,   4% used [0x06e00000, 0x06e2ebe0, 0x07250000)
  from space 512K, 100% used [0x07250000, 0x072d0000, 0x072d0000)
  to   space 512K,   0% used [0x072d0000, 0x072d0000, 0x07350000)
 tenured generation   total 10944K, used 4030K [0x0c350000, 0x0ce00000, 0x16e00000)
   the space 10944K,  36% used [0x0c350000, 0x0c73fa80, 0x0c73fc00, 0x0ce00000)
 compacting perm gen  total 12288K, used 5726K [0x16e00000, 0x17a00000, 0x1ae00000)
   the space 12288K,  46% used [0x16e00000, 0x17397910, 0x17397a00, 0x17a00000)
GC Heap History (10 events):
Event: 0.703 GC heap before
{Heap before GC invocations=1 (full 0):
 def new generation   total 4928K, used 4928K [0x06e00000, 0x07350000, 0x0c350000)
  eden space 4416K, 100% used [0x06e00000, 0x07250000, 0x07250000)
  from space 512K, 100% used [0x072d0000, 0x07350000, 0x07350000)
  to   space 512K,   0% used [0x07250000, 0x07250000, 0x072d0000)
 tenured generation   total 10944K, used 762K [0x0c350000, 0x0ce00000, 0x16e00000)
   the space 10944K,   6% used [0x0c350000, 0x0c40eac0, 0x0c40ec00, 0x0ce00000)
 compacting perm gen  total 12288K, used 3720K [0x16e00000, 0x17a00000, 0x1ae00000)
   the space 12288K,  30% used [0x16e00000, 0x171a21a8, 0x171a2200, 0x17a00000)
No shared spaces configured.
Event: 0.710 GC heap after
Heap after GC invocations=2 (full 0):
 def new generation   total 4928K, used 512K [0x06e00000, 0x07350000, 0x0c350000)
  eden space 4416K,   0% used [0x06e00000, 0x06e00000, 0x07250000)
  from space 512K, 100% used [0x07250000, 0x072d0000, 0x072d0000)
  to   space 512K,   0% used [0x072d0000, 0x072d0000, 0x07350000)
 tenured generation   total 10944K, used 1732K [0x0c350000, 0x0ce00000, 0x16e00000)
   the space 10944K,  15% used [0x0c350000, 0x0c5012c8, 0x0c501400, 0x0ce00000)
 compacting perm gen  total 12288K, used 3720K [0x16e00000, 0x17a00000, 0x1ae00000)
   the space 12288K,  30% used [0x16e00000, 0x171a21a8, 0x171a2200, 0x17a00000)
No shared spaces configured.
}
Event: 0.799 GC heap before
{Heap before GC invocations=2 (full 0):
 def new generation   total 4928K, used 4928K [0x06e00000, 0x07350000, 0x0c350000)
  eden space 4416K, 100% used [0x06e00000, 0x07250000, 0x07250000)
  from space 512K, 100% used [0x07250000, 0x072d0000, 0x072d0000)
  to   space 512K,   0% used [0x072d0000, 0x072d0000, 0x07350000)
 tenured generation   total 10944K, used 1732K [0x0c350000, 0x0ce00000, 0x16e00000)
   the space 10944K,  15% used [0x0c350000, 0x0c5012c8, 0x0c501400, 0x0ce00000)
 compacting perm gen  total 12288K, used 4488K [0x16e00000, 0x17a00000, 0x1ae00000)
   the space 12288K,  36% used [0x16e00000, 0x17262330, 0x17262400, 0x17a00000)
No shared spaces configured.
Event: 0.803 GC heap after
Heap after GC invocations=3 (full 0):
 def new generation   total 4928K, used 512K [0x06e00000, 0x07350000, 0x0c350000)
  eden space 4416K,   0% used [0x06e00000, 0x06e00000, 0x07250000)
  from space 512K, 100% used [0x072d0000, 0x07350000, 0x07350000)
  to   space 512K,   0% used [0x07250000, 0x07250000, 0x072d0000)
 tenured generation   total 10944K, used 2336K [0x0c350000, 0x0ce00000, 0x16e00000)
   the space 10944K,  21% used [0x0c350000, 0x0c5981b8, 0x0c598200, 0x0ce00000)
 compacting perm gen  total 12288K, used 4488K [0x16e00000, 0x17a00000, 0x1ae00000)
   the space 12288K,  36% used [0x16e00000, 0x17262330, 0x17262400, 0x17a00000)
No shared spaces configured.
}
Event: 1.964 GC heap before
{Heap before GC invocations=3 (full 0):
 def new generation   total 4928K, used 4928K [0x06e00000, 0x07350000, 0x0c350000)
  eden space 4416K, 100% used [0x06e00000, 0x07250000, 0x07250000)
  from space 512K, 100% used [0x072d0000, 0x07350000, 0x07350000)
  to   space 512K,   0% used [0x07250000, 0x07250000, 0x072d0000)
 tenured generation   total 10944K, used 2336K [0x0c350000, 0x0ce00000, 0x16e00000)
   the space 10944K,  21% used [0x0c350000, 0x0c5981b8, 0x0c598200, 0x0ce00000)
 compacting perm gen  total 12288K, used 5276K [0x16e00000, 0x17a00000, 0x1ae00000)
   the space 12288K,  42% used [0x16e00000, 0x17327240, 0x17327400, 0x17a00000)
No shared spaces configured.
Event: 1.968 GC heap after
Heap after GC invocations=4 (full 0):
 def new generation   total 4928K, used 511K [0x06e00000, 0x07350000, 0x0c350000)
  eden space 4416K,   0% used [0x06e00000, 0x06e00000, 0x07250000)
  from space 512K,  99% used [0x07250000, 0x072cfff8, 0x072d0000)
  to   space 512K,   0% used [0x072d0000, 0x072d0000, 0x07350000)
 tenured generation   total 10944K, used 3009K [0x0c350000, 0x0ce00000, 0x16e00000)
   the space 10944K,  27% used [0x0c350000, 0x0c640690, 0x0c640800, 0x0ce00000)
 compacting perm gen  total 12288K, used 5276K [0x16e00000, 0x17a00000, 0x1ae00000)
   the space 12288K,  42% used [0x16e00000, 0x17327240, 0x17327400, 0x17a00000)
No shared spaces configured.
}
Event: 71.183 GC heap before
{Heap before GC invocations=4 (full 0):
 def new generation   total 4928K, used 4927K [0x06e00000, 0x07350000, 0x0c350000)
  eden space 4416K, 100% used [0x06e00000, 0x07250000, 0x07250000)
  from space 512K,  99% used [0x07250000, 0x072cfff8, 0x072d0000)
  to   space 512K,   0% used [0x072d0000, 0x072d0000, 0x07350000)
 tenured generation   total 10944K, used 3009K [0x0c350000, 0x0ce00000, 0x16e00000)
   the space 10944K,  27% used [0x0c350000, 0x0c640690, 0x0c640800, 0x0ce00000)
 compacting perm gen  total 12288K, used 5538K [0x16e00000, 0x17a00000, 0x1ae00000)
   the space 12288K,  45% used [0x16e00000, 0x17368a58, 0x17368c00, 0x17a00000)
No shared spaces configured.
Event: 71.191 GC heap after
Heap after GC invocations=5 (full 0):
 def new generation   total 4928K, used 512K [0x06e00000, 0x07350000, 0x0c350000)
  eden space 4416K,   0% used [0x06e00000, 0x06e00000, 0x07250000)
  from space 512K, 100% used [0x072d0000, 0x07350000, 0x07350000)
  to   space 512K,   0% used [0x07250000, 0x07250000, 0x072d0000)
 tenured generation   total 10944K, used 3323K [0x0c350000, 0x0ce00000, 0x16e00000)
   the space 10944K,  30% used [0x0c350000, 0x0c68efd8, 0x0c68f000, 0x0ce00000)
 compacting perm gen  total 12288K, used 5538K [0x16e00000, 0x17a00000, 0x1ae00000)
   the space 12288K,  45% used [0x16e00000, 0x17368a58, 0x17368c00, 0x17a00000)
No shared spaces configured.
}
Event: 110.307 GC heap before
{Heap before GC invocations=5 (full 0):
 def new generation   total 4928K, used 4917K [0x06e00000, 0x07350000, 0x0c350000)
  eden space 4416K,  99% used [0x06e00000, 0x0724d770, 0x07250000)
  from space 512K, 100% used [0x072d0000, 0x07350000, 0x07350000)
  to   space 512K,   0% used [0x07250000, 0x07250000, 0x072d0000)
 tenured generation   total 10944K, used 3323K [0x0c350000, 0x0ce00000, 0x16e00000)
   the space 10944K,  30% used [0x0c350000, 0x0c68efd8, 0x0c68f000, 0x0ce00000)
 compacting perm gen  total 12288K, used 5722K [0x16e00000, 0x17a00000, 0x1ae00000)
   the space 12288K,  46% used [0x16e00000, 0x17396bc0, 0x17396c00, 0x17a00000)
No shared spaces configured.
Event: 110.311 GC heap after
Heap after GC invocations=6 (full 0):
 def new generation   total 4928K, used 512K [0x06e00000, 0x07350000, 0x0c350000)
  eden space 4416K,   0% used [0x06e00000, 0x06e00000, 0x07250000)
  from space 512K, 100% used [0x07250000, 0x072d0000, 0x072d0000)
  to   space 512K,   0% used [0x072d0000, 0x072d0000, 0x07350000)
 tenured generation   total 10944K, used 4030K [0x0c350000, 0x0ce00000, 0x16e00000)
   the space 10944K,  36% used [0x0c350000, 0x0c73fa80, 0x0c73fc00, 0x0ce00000)
 compacting perm gen  total 12288K, used 5722K [0x16e00000, 0x17a00000, 0x1ae00000)
   the space 12288K,  46% used [0x16e00000, 0x17396bc0, 0x17396c00, 0x17a00000)
No shared spaces configured.
}

